
state 0
	$accept: .input $end 

	PROGRAMA  shift 3
	.  error

	input  goto 1
	programa  goto 2

state 1
	$accept:  input.$end 

	$end  accept
	.  error


state 2
	input:  programa.    (1)

	.  reduce 1 (src line 45)


state 3
	programa:  PROGRAMA.ID PUNTOCOMA vars funcs INICIO cuerpo FIN 

	ID  shift 4
	.  error


state 4
	programa:  PROGRAMA ID.PUNTOCOMA vars funcs INICIO cuerpo FIN 

	PUNTOCOMA  shift 5
	.  error


state 5
	programa:  PROGRAMA ID PUNTOCOMA.vars funcs INICIO cuerpo FIN 
	vars: .    (5)

	VARS  shift 7
	.  reduce 5 (src line 59)

	vars  goto 6

state 6
	programa:  PROGRAMA ID PUNTOCOMA vars.funcs INICIO cuerpo FIN 
	funcs: .    (12)

	ENTERO  shift 13
	FLOTANTE  shift 14
	NULA  shift 12
	.  reduce 12 (src line 92)

	tipo  goto 11
	tipo_retorno  goto 10
	funcs  goto 8
	func  goto 9

state 7
	vars:  VARS.lista_ids DOSPUNTOS tipo PUNTOCOMA $$3 vars 

	ID  shift 16
	.  error

	lista_ids  goto 15

state 8
	programa:  PROGRAMA ID PUNTOCOMA vars funcs.INICIO cuerpo FIN 

	INICIO  shift 17
	.  error


state 9
	funcs:  func.funcs 
	funcs: .    (12)

	ENTERO  shift 13
	FLOTANTE  shift 14
	NULA  shift 12
	.  reduce 12 (src line 92)

	tipo  goto 11
	tipo_retorno  goto 10
	funcs  goto 18
	func  goto 9

state 10
	func:  tipo_retorno.ID $$13 PAR_IZQ params PAR_DER LLAVE_IZQ vars cuerpo LLAVE_DER PUNTOCOMA 

	ID  shift 19
	.  error


state 11
	tipo_retorno:  tipo.    (15)

	.  reduce 15 (src line 106)


state 12
	tipo_retorno:  NULA.    (16)

	.  reduce 16 (src line 111)


state 13
	tipo:  ENTERO.    (9)

	.  reduce 9 (src line 79)


state 14
	tipo:  FLOTANTE.    (10)

	.  reduce 10 (src line 84)


state 15
	vars:  VARS lista_ids.DOSPUNTOS tipo PUNTOCOMA $$3 vars 

	DOSPUNTOS  shift 20
	.  error


state 16
	lista_ids:  ID.lista_ids_prima 
	lista_ids_prima: .    (8)

	COMA  shift 22
	.  reduce 8 (src line 74)

	lista_ids_prima  goto 21

state 17
	programa:  PROGRAMA ID PUNTOCOMA vars funcs INICIO.cuerpo FIN 

	LLAVE_IZQ  shift 24
	.  error

	cuerpo  goto 23

state 18
	funcs:  func funcs.    (11)

	.  reduce 11 (src line 90)


state 19
	func:  tipo_retorno ID.$$13 PAR_IZQ params PAR_DER LLAVE_IZQ vars cuerpo LLAVE_DER PUNTOCOMA 
	$$13: .    (13)

	.  reduce 13 (src line 95)

	$$13  goto 25

state 20
	vars:  VARS lista_ids DOSPUNTOS.tipo PUNTOCOMA $$3 vars 

	ENTERO  shift 13
	FLOTANTE  shift 14
	.  error

	tipo  goto 26

state 21
	lista_ids:  ID lista_ids_prima.    (6)

	.  reduce 6 (src line 62)


state 22
	lista_ids_prima:  COMA.ID lista_ids_prima 

	ID  shift 27
	.  error


state 23
	programa:  PROGRAMA ID PUNTOCOMA vars funcs INICIO cuerpo.FIN 

	FIN  shift 28
	.  error


state 24
	cuerpo:  LLAVE_IZQ.estatutos LLAVE_DER 
	estatutos: .    (25)

	SI  shift 37
	MIENTRAS  shift 38
	ESCRIBE  shift 39
	ID  shift 36
	.  reduce 25 (src line 141)

	estatutos  goto 29
	estatuto  goto 30
	asigna  goto 31
	condicion  goto 32
	ciclo  goto 33
	llamada  goto 34
	imprime  goto 35

state 25
	func:  tipo_retorno ID $$13.PAR_IZQ params PAR_DER LLAVE_IZQ vars cuerpo LLAVE_DER PUNTOCOMA 

	PAR_IZQ  shift 40
	.  error


state 26
	vars:  VARS lista_ids DOSPUNTOS tipo.PUNTOCOMA $$3 vars 

	PUNTOCOMA  shift 41
	.  error


state 27
	lista_ids_prima:  COMA ID.lista_ids_prima 
	lista_ids_prima: .    (8)

	COMA  shift 22
	.  reduce 8 (src line 74)

	lista_ids_prima  goto 42

state 28
	programa:  PROGRAMA ID PUNTOCOMA vars funcs INICIO cuerpo FIN.    (2)

	.  reduce 2 (src line 49)


state 29
	cuerpo:  LLAVE_IZQ estatutos.LLAVE_DER 

	LLAVE_DER  shift 43
	.  error


state 30
	estatutos:  estatuto.estatutos 
	estatutos: .    (25)

	SI  shift 37
	MIENTRAS  shift 38
	ESCRIBE  shift 39
	ID  shift 36
	.  reduce 25 (src line 141)

	estatutos  goto 44
	estatuto  goto 30
	asigna  goto 31
	condicion  goto 32
	ciclo  goto 33
	llamada  goto 34
	imprime  goto 35

state 31
	estatuto:  asigna.    (26)

	.  reduce 26 (src line 144)


state 32
	estatuto:  condicion.    (27)

	.  reduce 27 (src line 146)


state 33
	estatuto:  ciclo.    (28)

	.  reduce 28 (src line 147)


state 34
	estatuto:  llamada.PUNTOCOMA 

	PUNTOCOMA  shift 45
	.  error


state 35
	estatuto:  imprime.    (30)

	.  reduce 30 (src line 149)


state 36
	asigna:  ID.ASIGNA expresion PUNTOCOMA 
	llamada:  ID.PAR_IZQ argumentos PAR_DER 

	ASIGNA  shift 46
	PAR_IZQ  shift 47
	.  error


state 37
	condicion:  SI.PAR_IZQ expresion PAR_DER $$32 cuerpo sino_opc PUNTOCOMA 

	PAR_IZQ  shift 48
	.  error


state 38
	ciclo:  MIENTRAS.PAR_IZQ expresion PAR_DER $$36 HAZ cuerpo PUNTOCOMA 

	PAR_IZQ  shift 49
	.  error


state 39
	imprime:  ESCRIBE.PAR_IZQ imprime_args PAR_DER PUNTOCOMA 

	PAR_IZQ  shift 50
	.  error


state 40
	func:  tipo_retorno ID $$13 PAR_IZQ.params PAR_DER LLAVE_IZQ vars cuerpo LLAVE_DER PUNTOCOMA 
	params: .    (19)

	ID  shift 52
	.  reduce 19 (src line 123)

	params  goto 51

state 41
	vars:  VARS lista_ids DOSPUNTOS tipo PUNTOCOMA.$$3 vars 
	$$3: .    (3)

	.  reduce 3 (src line 53)

	$$3  goto 53

state 42
	lista_ids_prima:  COMA ID lista_ids_prima.    (7)

	.  reduce 7 (src line 69)


state 43
	cuerpo:  LLAVE_IZQ estatutos LLAVE_DER.    (23)

	.  reduce 23 (src line 135)


state 44
	estatutos:  estatuto estatutos.    (24)

	.  reduce 24 (src line 139)


state 45
	estatuto:  llamada PUNTOCOMA.    (29)

	.  reduce 29 (src line 148)


state 46
	asigna:  ID ASIGNA.expresion PUNTOCOMA 

	ID  shift 61
	CTE_ENT  shift 64
	CTE_FLOT  shift 65
	MAS  shift 59
	MENOS  shift 60
	PAR_IZQ  shift 58
	.  error

	expresion  goto 54
	exp  goto 55
	termino  goto 56
	factor  goto 57
	cte  goto 62
	llamada  goto 63

state 47
	llamada:  ID PAR_IZQ.argumentos PAR_DER 
	argumentos: .    (40)

	ID  shift 61
	CTE_ENT  shift 64
	CTE_FLOT  shift 65
	MAS  shift 59
	MENOS  shift 60
	PAR_IZQ  shift 58
	.  reduce 40 (src line 186)

	expresion  goto 67
	exp  goto 55
	termino  goto 56
	factor  goto 57
	cte  goto 62
	llamada  goto 63
	argumentos  goto 66

state 48
	condicion:  SI PAR_IZQ.expresion PAR_DER $$32 cuerpo sino_opc PUNTOCOMA 

	ID  shift 61
	CTE_ENT  shift 64
	CTE_FLOT  shift 65
	MAS  shift 59
	MENOS  shift 60
	PAR_IZQ  shift 58
	.  error

	expresion  goto 68
	exp  goto 55
	termino  goto 56
	factor  goto 57
	cte  goto 62
	llamada  goto 63

state 49
	ciclo:  MIENTRAS PAR_IZQ.expresion PAR_DER $$36 HAZ cuerpo PUNTOCOMA 

	ID  shift 61
	CTE_ENT  shift 64
	CTE_FLOT  shift 65
	MAS  shift 59
	MENOS  shift 60
	PAR_IZQ  shift 58
	.  error

	expresion  goto 69
	exp  goto 55
	termino  goto 56
	factor  goto 57
	cte  goto 62
	llamada  goto 63

state 50
	imprime:  ESCRIBE PAR_IZQ.imprime_args PAR_DER PUNTOCOMA 

	ID  shift 61
	CTE_ENT  shift 64
	CTE_FLOT  shift 65
	LETRERO  shift 73
	MAS  shift 59
	MENOS  shift 60
	PAR_IZQ  shift 58
	.  error

	expresion  goto 72
	exp  goto 55
	termino  goto 56
	factor  goto 57
	cte  goto 62
	llamada  goto 63
	imprime_args  goto 70
	imprime_val  goto 71

state 51
	func:  tipo_retorno ID $$13 PAR_IZQ params.PAR_DER LLAVE_IZQ vars cuerpo LLAVE_DER PUNTOCOMA 

	PAR_DER  shift 74
	.  error


state 52
	params:  ID.DOSPUNTOS tipo $$17 params_prima 

	DOSPUNTOS  shift 75
	.  error


state 53
	vars:  VARS lista_ids DOSPUNTOS tipo PUNTOCOMA $$3.vars 
	vars: .    (5)

	VARS  shift 7
	.  reduce 5 (src line 59)

	vars  goto 76

state 54
	asigna:  ID ASIGNA expresion.PUNTOCOMA 

	PUNTOCOMA  shift 77
	.  error


state 55
	expresion:  exp.    (49)
	expresion:  exp.MAYOR exp 
	expresion:  exp.MENOR exp 
	expresion:  exp.DIF exp 
	expresion:  exp.IGUAL exp 
	exp:  exp.MAS termino 
	exp:  exp.MENOS termino 

	MAS  shift 82
	MENOS  shift 83
	MAYOR  shift 78
	MENOR  shift 79
	DIF  shift 80
	IGUAL  shift 81
	.  reduce 49 (src line 212)


state 56
	exp:  termino.    (56)
	termino:  termino.MULT factor 
	termino:  termino.DIVIDE factor 

	MULT  shift 84
	DIVIDE  shift 85
	.  reduce 56 (src line 244)


state 57
	termino:  factor.    (59)

	.  reduce 59 (src line 260)


state 58
	factor:  PAR_IZQ.expresion PAR_DER 

	ID  shift 61
	CTE_ENT  shift 64
	CTE_FLOT  shift 65
	MAS  shift 59
	MENOS  shift 60
	PAR_IZQ  shift 58
	.  error

	expresion  goto 86
	exp  goto 55
	termino  goto 56
	factor  goto 57
	cte  goto 62
	llamada  goto 63

state 59
	factor:  MAS.factor 

	ID  shift 61
	CTE_ENT  shift 64
	CTE_FLOT  shift 65
	MAS  shift 59
	MENOS  shift 60
	PAR_IZQ  shift 58
	.  error

	factor  goto 87
	cte  goto 62
	llamada  goto 63

state 60
	factor:  MENOS.factor 

	ID  shift 61
	CTE_ENT  shift 64
	CTE_FLOT  shift 65
	MAS  shift 59
	MENOS  shift 60
	PAR_IZQ  shift 58
	.  error

	factor  goto 88
	cte  goto 62
	llamada  goto 63

state 61
	llamada:  ID.PAR_IZQ argumentos PAR_DER 
	factor:  ID.    (63)

	PAR_IZQ  shift 47
	.  reduce 63 (src line 279)


state 62
	factor:  cte.    (64)

	.  reduce 64 (src line 283)


state 63
	factor:  llamada.    (65)

	.  reduce 65 (src line 287)


state 64
	cte:  CTE_ENT.    (66)

	.  reduce 66 (src line 293)


state 65
	cte:  CTE_FLOT.    (67)

	.  reduce 67 (src line 298)


state 66
	llamada:  ID PAR_IZQ argumentos.PAR_DER 

	PAR_DER  shift 89
	.  error


state 67
	argumentos:  expresion.argumentos_prima 
	argumentos_prima: .    (42)

	COMA  shift 91
	.  reduce 42 (src line 191)

	argumentos_prima  goto 90

state 68
	condicion:  SI PAR_IZQ expresion.PAR_DER $$32 cuerpo sino_opc PUNTOCOMA 

	PAR_DER  shift 92
	.  error


state 69
	ciclo:  MIENTRAS PAR_IZQ expresion.PAR_DER $$36 HAZ cuerpo PUNTOCOMA 

	PAR_DER  shift 93
	.  error


state 70
	imprime:  ESCRIBE PAR_IZQ imprime_args.PAR_DER PUNTOCOMA 

	PAR_DER  shift 94
	.  error


state 71
	imprime_args:  imprime_val.imprime_args_prima 
	imprime_args_prima: .    (46)

	COMA  shift 96
	.  reduce 46 (src line 204)

	imprime_args_prima  goto 95

state 72
	imprime_val:  expresion.    (47)

	.  reduce 47 (src line 207)


state 73
	imprime_val:  LETRERO.    (48)

	.  reduce 48 (src line 209)


state 74
	func:  tipo_retorno ID $$13 PAR_IZQ params PAR_DER.LLAVE_IZQ vars cuerpo LLAVE_DER PUNTOCOMA 

	LLAVE_IZQ  shift 97
	.  error


state 75
	params:  ID DOSPUNTOS.tipo $$17 params_prima 

	ENTERO  shift 13
	FLOTANTE  shift 14
	.  error

	tipo  goto 98

state 76
	vars:  VARS lista_ids DOSPUNTOS tipo PUNTOCOMA $$3 vars.    (4)

	.  reduce 4 (src line 58)


state 77
	asigna:  ID ASIGNA expresion PUNTOCOMA.    (31)

	.  reduce 31 (src line 152)


state 78
	expresion:  exp MAYOR.exp 

	ID  shift 61
	CTE_ENT  shift 64
	CTE_FLOT  shift 65
	MAS  shift 59
	MENOS  shift 60
	PAR_IZQ  shift 58
	.  error

	exp  goto 99
	termino  goto 56
	factor  goto 57
	cte  goto 62
	llamada  goto 63

state 79
	expresion:  exp MENOR.exp 

	ID  shift 61
	CTE_ENT  shift 64
	CTE_FLOT  shift 65
	MAS  shift 59
	MENOS  shift 60
	PAR_IZQ  shift 58
	.  error

	exp  goto 100
	termino  goto 56
	factor  goto 57
	cte  goto 62
	llamada  goto 63

state 80
	expresion:  exp DIF.exp 

	ID  shift 61
	CTE_ENT  shift 64
	CTE_FLOT  shift 65
	MAS  shift 59
	MENOS  shift 60
	PAR_IZQ  shift 58
	.  error

	exp  goto 101
	termino  goto 56
	factor  goto 57
	cte  goto 62
	llamada  goto 63

state 81
	expresion:  exp IGUAL.exp 

	ID  shift 61
	CTE_ENT  shift 64
	CTE_FLOT  shift 65
	MAS  shift 59
	MENOS  shift 60
	PAR_IZQ  shift 58
	.  error

	exp  goto 102
	termino  goto 56
	factor  goto 57
	cte  goto 62
	llamada  goto 63

state 82
	exp:  exp MAS.termino 

	ID  shift 61
	CTE_ENT  shift 64
	CTE_FLOT  shift 65
	MAS  shift 59
	MENOS  shift 60
	PAR_IZQ  shift 58
	.  error

	termino  goto 103
	factor  goto 57
	cte  goto 62
	llamada  goto 63

state 83
	exp:  exp MENOS.termino 

	ID  shift 61
	CTE_ENT  shift 64
	CTE_FLOT  shift 65
	MAS  shift 59
	MENOS  shift 60
	PAR_IZQ  shift 58
	.  error

	termino  goto 104
	factor  goto 57
	cte  goto 62
	llamada  goto 63

state 84
	termino:  termino MULT.factor 

	ID  shift 61
	CTE_ENT  shift 64
	CTE_FLOT  shift 65
	MAS  shift 59
	MENOS  shift 60
	PAR_IZQ  shift 58
	.  error

	factor  goto 105
	cte  goto 62
	llamada  goto 63

state 85
	termino:  termino DIVIDE.factor 

	ID  shift 61
	CTE_ENT  shift 64
	CTE_FLOT  shift 65
	MAS  shift 59
	MENOS  shift 60
	PAR_IZQ  shift 58
	.  error

	factor  goto 106
	cte  goto 62
	llamada  goto 63

state 86
	factor:  PAR_IZQ expresion.PAR_DER 

	PAR_DER  shift 107
	.  error


state 87
	factor:  MAS factor.    (61)

	.  reduce 61 (src line 271)


state 88
	factor:  MENOS factor.    (62)

	.  reduce 62 (src line 275)


state 89
	llamada:  ID PAR_IZQ argumentos PAR_DER.    (38)

	.  reduce 38 (src line 180)


state 90
	argumentos:  expresion argumentos_prima.    (39)

	.  reduce 39 (src line 184)


state 91
	argumentos_prima:  COMA.expresion argumentos_prima 

	ID  shift 61
	CTE_ENT  shift 64
	CTE_FLOT  shift 65
	MAS  shift 59
	MENOS  shift 60
	PAR_IZQ  shift 58
	.  error

	expresion  goto 108
	exp  goto 55
	termino  goto 56
	factor  goto 57
	cte  goto 62
	llamada  goto 63

state 92
	condicion:  SI PAR_IZQ expresion PAR_DER.$$32 cuerpo sino_opc PUNTOCOMA 
	$$32: .    (32)

	.  reduce 32 (src line 159)

	$$32  goto 109

state 93
	ciclo:  MIENTRAS PAR_IZQ expresion PAR_DER.$$36 HAZ cuerpo PUNTOCOMA 
	$$36: .    (36)

	.  reduce 36 (src line 172)

	$$36  goto 110

state 94
	imprime:  ESCRIBE PAR_IZQ imprime_args PAR_DER.PUNTOCOMA 

	PUNTOCOMA  shift 111
	.  error


state 95
	imprime_args:  imprime_val imprime_args_prima.    (44)

	.  reduce 44 (src line 198)


state 96
	imprime_args_prima:  COMA.imprime_val imprime_args_prima 

	ID  shift 61
	CTE_ENT  shift 64
	CTE_FLOT  shift 65
	LETRERO  shift 73
	MAS  shift 59
	MENOS  shift 60
	PAR_IZQ  shift 58
	.  error

	expresion  goto 72
	exp  goto 55
	termino  goto 56
	factor  goto 57
	cte  goto 62
	llamada  goto 63
	imprime_val  goto 112

state 97
	func:  tipo_retorno ID $$13 PAR_IZQ params PAR_DER LLAVE_IZQ.vars cuerpo LLAVE_DER PUNTOCOMA 
	vars: .    (5)

	VARS  shift 7
	.  reduce 5 (src line 59)

	vars  goto 113

state 98
	params:  ID DOSPUNTOS tipo.$$17 params_prima 
	$$17: .    (17)

	.  reduce 17 (src line 117)

	$$17  goto 114

state 99
	expresion:  exp MAYOR exp.    (50)
	exp:  exp.MAS termino 
	exp:  exp.MENOS termino 

	MAS  shift 82
	MENOS  shift 83
	.  reduce 50 (src line 217)


state 100
	expresion:  exp MENOR exp.    (51)
	exp:  exp.MAS termino 
	exp:  exp.MENOS termino 

	MAS  shift 82
	MENOS  shift 83
	.  reduce 51 (src line 221)


state 101
	expresion:  exp DIF exp.    (52)
	exp:  exp.MAS termino 
	exp:  exp.MENOS termino 

	MAS  shift 82
	MENOS  shift 83
	.  reduce 52 (src line 225)


state 102
	expresion:  exp IGUAL exp.    (53)
	exp:  exp.MAS termino 
	exp:  exp.MENOS termino 

	MAS  shift 82
	MENOS  shift 83
	.  reduce 53 (src line 229)


state 103
	exp:  exp MAS termino.    (54)
	termino:  termino.MULT factor 
	termino:  termino.DIVIDE factor 

	MULT  shift 84
	DIVIDE  shift 85
	.  reduce 54 (src line 235)


state 104
	exp:  exp MENOS termino.    (55)
	termino:  termino.MULT factor 
	termino:  termino.DIVIDE factor 

	MULT  shift 84
	DIVIDE  shift 85
	.  reduce 55 (src line 240)


state 105
	termino:  termino MULT factor.    (57)

	.  reduce 57 (src line 251)


state 106
	termino:  termino DIVIDE factor.    (58)

	.  reduce 58 (src line 256)


state 107
	factor:  PAR_IZQ expresion PAR_DER.    (60)

	.  reduce 60 (src line 266)


state 108
	argumentos_prima:  COMA expresion.argumentos_prima 
	argumentos_prima: .    (42)

	COMA  shift 91
	.  reduce 42 (src line 191)

	argumentos_prima  goto 115

state 109
	condicion:  SI PAR_IZQ expresion PAR_DER $$32.cuerpo sino_opc PUNTOCOMA 

	LLAVE_IZQ  shift 24
	.  error

	cuerpo  goto 116

state 110
	ciclo:  MIENTRAS PAR_IZQ expresion PAR_DER $$36.HAZ cuerpo PUNTOCOMA 

	HAZ  shift 117
	.  error


state 111
	imprime:  ESCRIBE PAR_IZQ imprime_args PAR_DER PUNTOCOMA.    (43)

	.  reduce 43 (src line 194)


state 112
	imprime_args_prima:  COMA imprime_val.imprime_args_prima 
	imprime_args_prima: .    (46)

	COMA  shift 96
	.  reduce 46 (src line 204)

	imprime_args_prima  goto 118

state 113
	func:  tipo_retorno ID $$13 PAR_IZQ params PAR_DER LLAVE_IZQ vars.cuerpo LLAVE_DER PUNTOCOMA 

	LLAVE_IZQ  shift 24
	.  error

	cuerpo  goto 119

state 114
	params:  ID DOSPUNTOS tipo $$17.params_prima 
	params_prima: .    (22)

	COMA  shift 121
	.  reduce 22 (src line 132)

	params_prima  goto 120

state 115
	argumentos_prima:  COMA expresion argumentos_prima.    (41)

	.  reduce 41 (src line 189)


state 116
	condicion:  SI PAR_IZQ expresion PAR_DER $$32 cuerpo.sino_opc PUNTOCOMA 
	sino_opc: .    (35)

	SINO  shift 123
	.  reduce 35 (src line 169)

	sino_opc  goto 122

state 117
	ciclo:  MIENTRAS PAR_IZQ expresion PAR_DER $$36 HAZ.cuerpo PUNTOCOMA 

	LLAVE_IZQ  shift 24
	.  error

	cuerpo  goto 124

state 118
	imprime_args_prima:  COMA imprime_val imprime_args_prima.    (45)

	.  reduce 45 (src line 202)


state 119
	func:  tipo_retorno ID $$13 PAR_IZQ params PAR_DER LLAVE_IZQ vars cuerpo.LLAVE_DER PUNTOCOMA 

	LLAVE_DER  shift 125
	.  error


state 120
	params:  ID DOSPUNTOS tipo $$17 params_prima.    (18)

	.  reduce 18 (src line 122)


state 121
	params_prima:  COMA.ID DOSPUNTOS tipo $$20 params_prima 

	ID  shift 126
	.  error


state 122
	condicion:  SI PAR_IZQ expresion PAR_DER $$32 cuerpo sino_opc.PUNTOCOMA 

	PUNTOCOMA  shift 127
	.  error


state 123
	sino_opc:  SINO.cuerpo 

	LLAVE_IZQ  shift 24
	.  error

	cuerpo  goto 128

state 124
	ciclo:  MIENTRAS PAR_IZQ expresion PAR_DER $$36 HAZ cuerpo.PUNTOCOMA 

	PUNTOCOMA  shift 129
	.  error


state 125
	func:  tipo_retorno ID $$13 PAR_IZQ params PAR_DER LLAVE_IZQ vars cuerpo LLAVE_DER.PUNTOCOMA 

	PUNTOCOMA  shift 130
	.  error


state 126
	params_prima:  COMA ID.DOSPUNTOS tipo $$20 params_prima 

	DOSPUNTOS  shift 131
	.  error


state 127
	condicion:  SI PAR_IZQ expresion PAR_DER $$32 cuerpo sino_opc PUNTOCOMA.    (33)

	.  reduce 33 (src line 164)


state 128
	sino_opc:  SINO cuerpo.    (34)

	.  reduce 34 (src line 167)


state 129
	ciclo:  MIENTRAS PAR_IZQ expresion PAR_DER $$36 HAZ cuerpo PUNTOCOMA.    (37)

	.  reduce 37 (src line 177)


state 130
	func:  tipo_retorno ID $$13 PAR_IZQ params PAR_DER LLAVE_IZQ vars cuerpo LLAVE_DER PUNTOCOMA.    (14)

	.  reduce 14 (src line 100)


state 131
	params_prima:  COMA ID DOSPUNTOS.tipo $$20 params_prima 

	ENTERO  shift 13
	FLOTANTE  shift 14
	.  error

	tipo  goto 132

state 132
	params_prima:  COMA ID DOSPUNTOS tipo.$$20 params_prima 
	$$20: .    (20)

	.  reduce 20 (src line 126)

	$$20  goto 133

state 133
	params_prima:  COMA ID DOSPUNTOS tipo $$20.params_prima 
	params_prima: .    (22)

	COMA  shift 121
	.  reduce 22 (src line 132)

	params_prima  goto 134

state 134
	params_prima:  COMA ID DOSPUNTOS tipo $$20 params_prima.    (21)

	.  reduce 21 (src line 131)


37 terminals, 37 nonterminals
68 grammar rules, 135/16000 states
0 shift/reduce, 0 reduce/reduce conflicts reported
86 working sets used
memory: parser 175/240000
15 extra closures
204 shift entries, 1 exceptions
70 goto entries
74 entries saved by goto default
Optimizer space used: output 146/240000
146 table entries, 0 zero
maximum spread: 35, maximum offset: 133
